<?xml version="1.0" encoding="UTF-8"?>
<!-- Generated by org.testng.reporters.JUnitReportReporter -->
<testsuite skipped="0" hostname="ASHUka12-lappy97" name="Files.extent" tests="3" failures="0" timestamp="2020-09-22T00:22:35 IST" time="14.893" errors="0">
  <testcase name="update" time="3.505" classname="Files.extent"/>
  <system-out/>
  <testcase name="loginTest" time="0.937" classname="Files.extent"/>
  <system-out/>
  <testcase name="Post" time="10.451" classname="Files.extent"/>
  <system-out/>
</testsuite> <!-- Files.extent -->
