<?xml version="1.0" encoding="UTF-8"?>
<!-- Generated by org.testng.reporters.JUnitReportReporter -->
<testsuite skipped="0" hostname="ASHUka12-lappy97" name="Extent.SpecBuilder" tests="2" failures="0" timestamp="2020-09-22T15:50:09 IST" time="33.711" errors="0">
  <testcase name="Post" time="18.809" classname="Extent.SpecBuilder"/>
  <system-out/>
  <testcase name="update" time="14.902" classname="Extent.SpecBuilder"/>
  <system-out/>
</testsuite> <!-- Extent.SpecBuilder -->
