<?xml version="1.0" encoding="UTF-8"?>
<!-- Generated by org.testng.reporters.JUnitReportReporter -->
<testsuite skipped="0" hostname="ASHUka12-lappy97" name="Extent.Basics" tests="1" failures="0" timestamp="2020-09-14T14:56:00 IST" time="21.270" errors="0">
  <testcase name="basic" time="21.270" classname="Extent.Basics"/>
  <system-out/>
</testsuite> <!-- Extent.Basics -->
